Determining if the Q_WS_X11 exist failed with the following output:
Change Dir: /Users/matthew/Desktop/iAnt-ARGoS/build/CMakeFiles/CMakeTmp

Run Build Command:"/usr/bin/make" "cmTC_a78b1/fast"
/Applications/Xcode.app/Contents/Developer/usr/bin/make -f CMakeFiles/cmTC_a78b1.dir/build.make CMakeFiles/cmTC_a78b1.dir/build
Building CXX object CMakeFiles/cmTC_a78b1.dir/CheckSymbolExists.cxx.o
/Applications/Xcode.app/Contents/Developer/Toolchains/XcodeDefault.xctoolchain/usr/bin/c++    -I/usr/local/Cellar/qt/4.8.7_2/include -F/usr/local/Cellar/qt/4.8.7_2/lib   -o CMakeFiles/cmTC_a78b1.dir/CheckSymbolExists.cxx.o -c /Users/matthew/Desktop/iAnt-ARGoS/build/CMakeFiles/CMakeTmp/CheckSymbolExists.cxx
/Users/matthew/Desktop/iAnt-ARGoS/build/CMakeFiles/CMakeTmp/CheckSymbolExists.cxx:8:19: error: use of undeclared identifier 'Q_WS_X11'
  return ((int*)(&Q_WS_X11))[argc];
                  ^
1 error generated.
make[1]: *** [CMakeFiles/cmTC_a78b1.dir/CheckSymbolExists.cxx.o] Error 1
make: *** [cmTC_a78b1/fast] Error 2

File /Users/matthew/Desktop/iAnt-ARGoS/build/CMakeFiles/CMakeTmp/CheckSymbolExists.cxx:
/* */
#include <QtCore/qglobal.h>

int main(int argc, char** argv)
{
  (void)argv;
#ifndef Q_WS_X11
  return ((int*)(&Q_WS_X11))[argc];
#else
  (void)argc;
  return 0;
#endif
}

Determining if the Q_WS_WIN exist failed with the following output:
Change Dir: /Users/matthew/Desktop/iAnt-ARGoS/build/CMakeFiles/CMakeTmp

Run Build Command:"/usr/bin/make" "cmTC_f29cf/fast"
/Applications/Xcode.app/Contents/Developer/usr/bin/make -f CMakeFiles/cmTC_f29cf.dir/build.make CMakeFiles/cmTC_f29cf.dir/build
Building CXX object CMakeFiles/cmTC_f29cf.dir/CheckSymbolExists.cxx.o
/Applications/Xcode.app/Contents/Developer/Toolchains/XcodeDefault.xctoolchain/usr/bin/c++    -I/usr/local/Cellar/qt/4.8.7_2/include -F/usr/local/Cellar/qt/4.8.7_2/lib   -o CMakeFiles/cmTC_f29cf.dir/CheckSymbolExists.cxx.o -c /Users/matthew/Desktop/iAnt-ARGoS/build/CMakeFiles/CMakeTmp/CheckSymbolExists.cxx
/Users/matthew/Desktop/iAnt-ARGoS/build/CMakeFiles/CMakeTmp/CheckSymbolExists.cxx:8:19: error: use of undeclared identifier 'Q_WS_WIN'
  return ((int*)(&Q_WS_WIN))[argc];
                  ^
1 error generated.
make[1]: *** [CMakeFiles/cmTC_f29cf.dir/CheckSymbolExists.cxx.o] Error 1
make: *** [cmTC_f29cf/fast] Error 2

File /Users/matthew/Desktop/iAnt-ARGoS/build/CMakeFiles/CMakeTmp/CheckSymbolExists.cxx:
/* */
#include <QtCore/qglobal.h>

int main(int argc, char** argv)
{
  (void)argv;
#ifndef Q_WS_WIN
  return ((int*)(&Q_WS_WIN))[argc];
#else
  (void)argc;
  return 0;
#endif
}

Determining if the Q_WS_QWS exist failed with the following output:
Change Dir: /Users/matthew/Desktop/iAnt-ARGoS/build/CMakeFiles/CMakeTmp

Run Build Command:"/usr/bin/make" "cmTC_02b78/fast"
/Applications/Xcode.app/Contents/Developer/usr/bin/make -f CMakeFiles/cmTC_02b78.dir/build.make CMakeFiles/cmTC_02b78.dir/build
Building CXX object CMakeFiles/cmTC_02b78.dir/CheckSymbolExists.cxx.o
/Applications/Xcode.app/Contents/Developer/Toolchains/XcodeDefault.xctoolchain/usr/bin/c++    -I/usr/local/Cellar/qt/4.8.7_2/include -F/usr/local/Cellar/qt/4.8.7_2/lib   -o CMakeFiles/cmTC_02b78.dir/CheckSymbolExists.cxx.o -c /Users/matthew/Desktop/iAnt-ARGoS/build/CMakeFiles/CMakeTmp/CheckSymbolExists.cxx
/Users/matthew/Desktop/iAnt-ARGoS/build/CMakeFiles/CMakeTmp/CheckSymbolExists.cxx:8:19: error: use of undeclared identifier 'Q_WS_QWS'
  return ((int*)(&Q_WS_QWS))[argc];
                  ^
1 error generated.
make[1]: *** [CMakeFiles/cmTC_02b78.dir/CheckSymbolExists.cxx.o] Error 1
make: *** [cmTC_02b78/fast] Error 2

File /Users/matthew/Desktop/iAnt-ARGoS/build/CMakeFiles/CMakeTmp/CheckSymbolExists.cxx:
/* */
#include <QtCore/qglobal.h>

int main(int argc, char** argv)
{
  (void)argv;
#ifndef Q_WS_QWS
  return ((int*)(&Q_WS_QWS))[argc];
#else
  (void)argc;
  return 0;
#endif
}

